0 info it worked if it ends with ok
1 verbose cli [ '/usr/bin/nodejs', '/usr/bin/npm', 'run', 'webpack-devserver' ]
2 info using npm@4.0.5
3 info using node@v7.4.0
4 verbose run-script [ 'prewebpack-devserver',
4 verbose run-script   'webpack-devserver',
4 verbose run-script   'postwebpack-devserver' ]
5 info lifecycle react-isomorphic@1.0.0~prewebpack-devserver: react-isomorphic@1.0.0
6 silly lifecycle react-isomorphic@1.0.0~prewebpack-devserver: no script for prewebpack-devserver, continuing
7 info lifecycle react-isomorphic@1.0.0~webpack-devserver: react-isomorphic@1.0.0
8 verbose lifecycle react-isomorphic@1.0.0~webpack-devserver: unsafe-perm in lifecycle true
9 verbose lifecycle react-isomorphic@1.0.0~webpack-devserver: PATH: /usr/lib/node_modules/npm/bin/node-gyp-bin:/home/ger/learn/react-isomorphic/node_modules/.bin:/home/ger/.phpbrew/php/php-5.4.41/bin:/home/ger/.phpbrew/bin:/usr/local/bin:/usr/bin:/bin:/usr/local/games:/usr/games:/home/ger/.config/composer/vendor/bin
10 verbose lifecycle react-isomorphic@1.0.0~webpack-devserver: CWD: /home/ger/learn/react-isomorphic
11 silly lifecycle react-isomorphic@1.0.0~webpack-devserver: Args: [ '-c',
11 silly lifecycle   'webpack-dev-server --debug --hot --devtool eval-source-map --output-pathinfo --watch --colors --inline --content-base public --port 8050 --host 0.0.0.0' ]
12 silly lifecycle react-isomorphic@1.0.0~webpack-devserver: Returned: code: 1  signal: null
13 info lifecycle react-isomorphic@1.0.0~webpack-devserver: Failed to exec webpack-devserver script
14 verbose stack Error: react-isomorphic@1.0.0 webpack-devserver: `webpack-dev-server --debug --hot --devtool eval-source-map --output-pathinfo --watch --colors --inline --content-base public --port 8050 --host 0.0.0.0`
14 verbose stack Exit status 1
14 verbose stack     at EventEmitter.<anonymous> (/usr/lib/node_modules/npm/lib/utils/lifecycle.js:279:16)
14 verbose stack     at emitTwo (events.js:106:13)
14 verbose stack     at EventEmitter.emit (events.js:191:7)
14 verbose stack     at ChildProcess.<anonymous> (/usr/lib/node_modules/npm/lib/utils/spawn.js:40:14)
14 verbose stack     at emitTwo (events.js:106:13)
14 verbose stack     at ChildProcess.emit (events.js:191:7)
14 verbose stack     at maybeClose (internal/child_process.js:885:16)
14 verbose stack     at Process.ChildProcess._handle.onexit (internal/child_process.js:226:5)
15 verbose pkgid react-isomorphic@1.0.0
16 verbose cwd /home/ger/learn/react-isomorphic
17 error Linux 3.16.0-4-amd64
18 error argv "/usr/bin/nodejs" "/usr/bin/npm" "run" "webpack-devserver"
19 error node v7.4.0
20 error npm  v4.0.5
21 error code ELIFECYCLE
22 error react-isomorphic@1.0.0 webpack-devserver: `webpack-dev-server --debug --hot --devtool eval-source-map --output-pathinfo --watch --colors --inline --content-base public --port 8050 --host 0.0.0.0`
22 error Exit status 1
23 error Failed at the react-isomorphic@1.0.0 webpack-devserver script 'webpack-dev-server --debug --hot --devtool eval-source-map --output-pathinfo --watch --colors --inline --content-base public --port 8050 --host 0.0.0.0'.
23 error Make sure you have the latest version of node.js and npm installed.
23 error If you do, this is most likely a problem with the react-isomorphic package,
23 error not with npm itself.
23 error Tell the author that this fails on your system:
23 error     webpack-dev-server --debug --hot --devtool eval-source-map --output-pathinfo --watch --colors --inline --content-base public --port 8050 --host 0.0.0.0
23 error You can get information on how to open an issue for this project with:
23 error     npm bugs react-isomorphic
23 error Or if that isn't available, you can get their info via:
23 error     npm owner ls react-isomorphic
23 error There is likely additional logging output above.
24 verbose exit [ 1, true ]
